2020-12-16T11:54:45.424+0100 [                ] INFO  MyApp                - ----------------------------------------------------------
2020-12-16T11:54:45.428+0100 [                ] INFO  MyApp                - |  Registratie Voortgang Trainees versie 1.0.0 Started   |
2020-12-16T11:54:45.430+0100 [                ] INFO  MyApp                - ----------------------------------------------------------
2020-12-16T11:55:35.859+0100 [User Name       ] DEBUG UserResource         - login User(admin@educom.nu) called
2020-12-16T11:56:07.054+0100 [User Name       ] DEBUG UserResource         - Dossier of User(Admin)
2020-12-16T11:56:59.777+0100 [User Name       ] DEBUG UserResource         - Dossier of User(Admin)
2020-12-16T11:57:10.813+0100 [User Name       ] DEBUG UserResource         - Dossier of User(Admin)
2020-12-16T11:57:15.875+0100 [User Name       ] DEBUG UserResource         - Dossier of User(Admin)
2020-12-16T11:57:18.685+0100 [User Name       ] DEBUG UserResource         - Dossier of User(Admin)
2020-12-16T11:58:09.572+0100 [User Name       ] DEBUG UserResource         - Dossier of User(Trainee1)
2020-12-16T11:58:09.635+0100 [User Name       ] DEBUG BundleResource       - getTraineeBundles for user 6 called
2020-12-16T11:58:29.217+0100 [User Name       ] DEBUG UserResource         - Dossier of User(Trainee1)
2020-12-16T11:58:29.455+0100 [User Name       ] DEBUG BundleResource       - getTraineeBundles for user 6 called
2020-12-16T11:58:31.548+0100 [User Name       ] DEBUG UserResource         - Dossier of User(Trainee1)
2020-12-16T11:58:31.630+0100 [User Name       ] DEBUG BundleResource       - getTraineeBundles for user 6 called
2020-12-16T11:58:35.383+0100 [User Name       ] DEBUG UserResource         - Dossier of User(Trainee1)
2020-12-16T11:58:35.463+0100 [User Name       ] DEBUG BundleResource       - getTraineeBundles for user 6 called
2020-12-16T11:58:45.574+0100 [User Name       ] DEBUG UserResource         - Dossier of User(Trainee1)
2020-12-16T11:58:45.688+0100 [User Name       ] DEBUG BundleResource       - getTraineeBundles for user 6 called
2020-12-16T11:58:48.783+0100 [User Name       ] DEBUG UserResource         - Dossier of User(Trainee1)
2020-12-16T11:58:48.890+0100 [User Name       ] DEBUG BundleResource       - getTraineeBundles for user 6 called
2020-12-16T11:59:06.340+0100 [User Name       ] DEBUG UserResource         - Dossier of User(Trainee1)
2020-12-16T11:59:06.483+0100 [User Name       ] DEBUG BundleResource       - getTraineeBundles for user 6 called
2020-12-16T11:59:08.358+0100 [User Name       ] DEBUG UserResource         - Dossier of User(Trainee1)
2020-12-16T11:59:08.444+0100 [User Name       ] DEBUG BundleResource       - getTraineeBundles for user 6 called
2020-12-16T11:59:28.957+0100 [User Name       ] DEBUG UserResource         - Dossier of User(Trainee1)
2020-12-16T11:59:29.055+0100 [User Name       ] DEBUG BundleResource       - getTraineeBundles for user 6 called
2020-12-16T11:59:30.470+0100 [User Name       ] DEBUG UserResource         - Dossier of User(Trainee1)
2020-12-16T11:59:30.575+0100 [User Name       ] DEBUG BundleResource       - getTraineeBundles for user 6 called
2020-12-16T11:59:32.917+0100 [User Name       ] DEBUG UserResource         - Dossier of User(Trainee1)
2020-12-16T11:59:33.005+0100 [User Name       ] DEBUG BundleResource       - getTraineeBundles for user 6 called
2020-12-16T12:03:06.690+0100 [User Name       ] DEBUG UserResource         - Dossier of User(Trainee1)
2020-12-16T12:03:06.845+0100 [User Name       ] DEBUG BundleResource       - getTraineeBundles for user 6 called
2020-12-16T12:03:06.977+0100 [User Name       ] DEBUG UserResource         - Dossier of User(Trainee1)
2020-12-16T12:03:07.135+0100 [User Name       ] DEBUG BundleResource       - getTraineeBundles for user 6 called
2020-12-16T12:03:33.134+0100 [User Name       ] DEBUG UserResource         - Dossier of User(Trainee1)
2020-12-16T12:03:33.251+0100 [User Name       ] DEBUG BundleResource       - getTraineeBundles for user 6 called
2020-12-16T12:03:46.511+0100 [User Name       ] DEBUG UserResource         - Dossier of User(Trainee1)
2020-12-16T12:03:46.716+0100 [User Name       ] DEBUG BundleResource       - getTraineeBundles for user 6 called
2020-12-16T12:05:07.316+0100 [User Name       ] DEBUG UserResource         - Dossier of User(Trainee1)
2020-12-16T12:05:07.514+0100 [User Name       ] DEBUG BundleResource       - getTraineeBundles for user 6 called
2020-12-16T12:05:30.511+0100 [User Name       ] DEBUG UserResource         - Dossier of User(Trainee1)
2020-12-16T12:05:30.748+0100 [User Name       ] DEBUG BundleResource       - getTraineeBundles for user 6 called
2020-12-16T12:06:00.427+0100 [User Name       ] DEBUG UserResource         - Dossier of User(Trainee1)
2020-12-16T12:06:00.609+0100 [User Name       ] DEBUG BundleResource       - getTraineeBundles for user 6 called
2020-12-16T12:06:14.624+0100 [User Name       ] DEBUG UserResource         - Dossier of User(Trainee1)
2020-12-16T12:06:14.785+0100 [User Name       ] DEBUG BundleResource       - getTraineeBundles for user 6 called
2020-12-16T12:06:22.970+0100 [User Name       ] DEBUG UserResource         - Dossier of User(Trainee1)
2020-12-16T12:06:23.117+0100 [User Name       ] DEBUG BundleResource       - getTraineeBundles for user 6 called
2020-12-16T12:07:07.422+0100 [User Name       ] DEBUG UserResource         - Dossier of User(Trainee1)
2020-12-16T12:07:07.524+0100 [User Name       ] DEBUG BundleResource       - getTraineeBundles for user 6 called
2020-12-16T12:07:17.716+0100 [User Name       ] DEBUG UserResource         - Dossier of User(Trainee1)
2020-12-16T12:07:17.856+0100 [User Name       ] DEBUG BundleResource       - getTraineeBundles for user 6 called
2020-12-16T12:09:51.255+0100 [User Name       ] DEBUG UserResource         - Dossier of User(Trainee1)
2020-12-16T12:09:51.365+0100 [User Name       ] DEBUG BundleResource       - getTraineeBundles for user 6 called
2020-12-16T12:10:11.419+0100 [User Name       ] DEBUG UserResource         - Dossier of User(Trainee1)
2020-12-16T12:10:11.588+0100 [User Name       ] DEBUG BundleResource       - getTraineeBundles for user 6 called
2020-12-16T12:10:18.359+0100 [User Name       ] DEBUG UserResource         - Dossier of User(Trainee1)
2020-12-16T12:10:18.552+0100 [User Name       ] DEBUG BundleResource       - getTraineeBundles for user 6 called
2020-12-16T12:10:21.674+0100 [User Name       ] DEBUG UserResource         - Dossier of User(Trainee1)
2020-12-16T12:10:21.789+0100 [User Name       ] DEBUG BundleResource       - getTraineeBundles for user 6 called
2020-12-16T12:10:25.543+0100 [User Name       ] DEBUG UserResource         - Dossier of User(Trainee1)
2020-12-16T12:10:25.644+0100 [User Name       ] DEBUG BundleResource       - getTraineeBundles for user 6 called
2020-12-16T12:10:33.444+0100 [User Name       ] DEBUG UserResource         - Dossier of User(Trainee1)
2020-12-16T12:10:33.613+0100 [User Name       ] DEBUG BundleResource       - getTraineeBundles for user 6 called
2020-12-16T12:10:34.905+0100 [User Name       ] DEBUG UserResource         - Dossier of User(Trainee1)
2020-12-16T12:10:34.999+0100 [User Name       ] DEBUG BundleResource       - getTraineeBundles for user 6 called
2020-12-16T12:10:43.923+0100 [User Name       ] DEBUG UserResource         - Dossier of User(Trainee1)
2020-12-16T12:10:44.004+0100 [User Name       ] DEBUG BundleResource       - getTraineeBundles for user 6 called
2020-12-16T12:10:55.852+0100 [User Name       ] DEBUG UserResource         - Dossier of User(Trainee1)
2020-12-16T12:10:55.983+0100 [User Name       ] DEBUG BundleResource       - getTraineeBundles for user 6 called
2020-12-16T12:10:59.117+0100 [User Name       ] DEBUG UserResource         - Dossier of User(Trainee1)
2020-12-16T12:10:59.182+0100 [User Name       ] DEBUG BundleResource       - getTraineeBundles for user 6 called
2020-12-16T12:11:05.231+0100 [User Name       ] DEBUG UserResource         - Dossier of User(Trainee1)
2020-12-16T12:11:05.293+0100 [User Name       ] DEBUG BundleResource       - getTraineeBundles for user 6 called
2020-12-16T12:11:10.777+0100 [User Name       ] DEBUG UserResource         - Dossier of User(Admin)
2020-12-16T12:16:19.746+0100 [User Name       ] DEBUG UserResource         - Dossier of User(Trainee1)
2020-12-16T12:16:19.792+0100 [User Name       ] DEBUG BundleResource       - getTraineeBundles for user 6 called
2020-12-16T12:16:24.874+0100 [User Name       ] DEBUG UserResource         - Dossier of User(Trainee1)
2020-12-16T12:16:24.908+0100 [User Name       ] DEBUG BundleResource       - getTraineeBundles for user 6 called
2020-12-16T12:16:26.177+0100 [User Name       ] DEBUG UserResource         - Dossier of User(Trainee1)
2020-12-16T12:16:26.242+0100 [User Name       ] DEBUG BundleResource       - getTraineeBundles for user 6 called
2020-12-16T12:16:42.548+0100 [User Name       ] DEBUG UserResource         - Dossier of User(Trainee1)
2020-12-16T12:16:42.607+0100 [User Name       ] DEBUG BundleResource       - getTraineeBundles for user 6 called
2020-12-16T12:16:48.261+0100 [User Name       ] DEBUG UserResource         - Dossier of User(Admin)
2020-12-16T13:03:57.154+0100 [User Name       ] DEBUG ThemeConceptResource - saveConcept nu.educom.rvt.models.view.ConceptPlusBundles@d835bf0 called
2020-12-16T13:03:57.171+0100 [User Name       ] INFO  ThemeConceptResource - Concept added with name Object georienteerd programmeren and description 123.
2020-12-16T13:04:34.610+0100 [User Name       ] DEBUG UserResource         - Dossier of User(Admin)
2020-12-16T13:04:36.354+0100 [User Name       ] DEBUG UserResource         - Dossier of User(Admin)
2020-12-16T13:04:38.646+0100 [User Name       ] DEBUG UserResource         - Dossier of User(Admin)
2020-12-18T10:53:34.914+0100 [                ] INFO  MyApp                - ----------------------------------------------------------
2020-12-18T10:53:34.916+0100 [                ] INFO  MyApp                - |  Registratie Voortgang Trainees versie 1.0.0 Started   |
2020-12-18T10:53:34.917+0100 [                ] INFO  MyApp                - ----------------------------------------------------------
2020-12-18T11:11:17.388+0100 [                ] DEBUG UserResource         - login User(0: admin@educom.nu) called
2020-12-18T11:14:04.351+0100 [                ] DEBUG UserResource         - Dossier of User(6: Admin)
2020-12-18T11:24:36.768+0100 [                ] INFO  MyApp                - ----------------------------------------------------------
2020-12-18T11:24:36.770+0100 [                ] INFO  MyApp                - |  Registratie Voortgang Trainees versie 1.0.0 Started   |
2020-12-18T11:24:36.771+0100 [                ] INFO  MyApp                - ----------------------------------------------------------
2020-12-18T11:24:44.560+0100 [                ] DEBUG UserResource         - login User(0: admin@educom.nu) called
2020-12-21T10:53:40.164+0100 [                ] INFO  MyApp                - ----------------------------------------------------------
2020-12-21T10:53:40.166+0100 [                ] INFO  MyApp                - |  Registratie Voortgang Trainees versie 1.0.0 Started   |
2020-12-21T10:53:40.167+0100 [                ] INFO  MyApp                - ----------------------------------------------------------
2020-12-21T11:03:39.875+0100 [                ] DEBUG UserResource         - login User(0: admin@educom.nu) called
2020-12-21T11:47:39.121+0100 [                ] DEBUG UserResource         - Dossier of User(6: Admin)
2020-12-21T11:47:52.215+0100 [                ] DEBUG UserResource         - Dossier of User(6: Admin)
2020-12-21T11:48:43.584+0100 [                ] DEBUG UserResource         - Dossier of User(6: Admin)
2020-12-21T11:49:32.207+0100 [                ] DEBUG UserResource         - Dossier of User(6: Admin)
2020-12-21T11:49:36.659+0100 [                ] DEBUG UserResource         - Dossier of User(6: Admin)
2020-12-21T11:50:13.291+0100 [                ] DEBUG UserResource         - Dossier of User(6: Admin)
2020-12-21T11:50:16.896+0100 [                ] DEBUG UserResource         - Dossier of User(6: Admin)
2020-12-21T11:50:21.738+0100 [                ] DEBUG UserResource         - Dossier of User(6: Admin)
2020-12-21T11:50:23.982+0100 [                ] DEBUG UserResource         - Dossier of User(6: Admin)
2020-12-21T11:51:33.848+0100 [                ] DEBUG UserResource         - Dossier of User(6: Admin)
2020-12-21T11:51:37.765+0100 [                ] DEBUG UserResource         - Dossier of User(6: Admin)
2020-12-21T11:51:59.990+0100 [                ] DEBUG UserResource         - Dossier of User(6: Admin)
2020-12-21T11:52:17.113+0100 [                ] DEBUG UserResource         - Dossier of User(6: Admin)
2020-12-21T11:52:20.533+0100 [                ] DEBUG UserResource         - Dossier of User(6: Admin)
2020-12-21T11:54:40.160+0100 [                ] DEBUG UserResource         - Dossier of User(6: Admin)
2020-12-21T11:54:49.724+0100 [                ] DEBUG UserResource         - Dossier of User(6: Admin)
2020-12-21T11:54:53.065+0100 [                ] DEBUG UserResource         - Dossier of User(6: Admin)
2020-12-21T11:54:55.816+0100 [                ] DEBUG UserResource         - Dossier of User(1: Trainee1)
2020-12-21T11:54:55.884+0100 [                ] DEBUG BundleResource       - getTraineeBundles for user 1 called
2020-12-21T11:55:05.032+0100 [                ] DEBUG UserResource         - Dossier of User(1: Trainee1)
2020-12-21T11:55:05.113+0100 [                ] DEBUG BundleResource       - getTraineeBundles for user 1 called
2020-12-21T11:55:10.856+0100 [                ] DEBUG UserResource         - Dossier of User(1: Trainee1)
2020-12-21T11:55:10.919+0100 [                ] DEBUG BundleResource       - getTraineeBundles for user 1 called
2020-12-21T11:55:14.487+0100 [                ] DEBUG UserResource         - Dossier of User(1: Trainee1)
2020-12-21T11:55:14.576+0100 [                ] DEBUG BundleResource       - getTraineeBundles for user 1 called
2020-12-21T11:55:50.273+0100 [                ] DEBUG UserResource         - Dossier of User(1: Trainee1)
2020-12-21T11:55:50.443+0100 [                ] DEBUG BundleResource       - getTraineeBundles for user 1 called
2020-12-21T11:56:55.809+0100 [                ] DEBUG UserResource         - Dossier of User(1: Trainee1)
2020-12-21T11:56:55.920+0100 [                ] DEBUG BundleResource       - getTraineeBundles for user 1 called
2020-12-21T11:57:00.331+0100 [                ] DEBUG UserResource         - Dossier of User(1: Trainee1)
2020-12-21T11:57:00.422+0100 [                ] DEBUG BundleResource       - getTraineeBundles for user 1 called
2020-12-21T12:03:52.706+0100 [                ] DEBUG UserResource         - Dossier of User(1: Trainee1)
2020-12-21T12:03:52.850+0100 [                ] DEBUG BundleResource       - getTraineeBundles for user 1 called
2020-12-21T12:03:56.477+0100 [                ] DEBUG UserResource         - Dossier of User(1: Trainee1)
2020-12-21T12:03:56.563+0100 [                ] DEBUG BundleResource       - getTraineeBundles for user 1 called
2020-12-21T12:04:13.574+0100 [                ] DEBUG UserResource         - Dossier of User(1: Trainee1)
2020-12-21T12:04:13.765+0100 [                ] DEBUG BundleResource       - getTraineeBundles for user 1 called
2020-12-21T12:04:21.776+0100 [                ] DEBUG UserResource         - Dossier of User(1: Trainee1)
2020-12-21T12:04:21.961+0100 [                ] DEBUG BundleResource       - getTraineeBundles for user 1 called
2020-12-21T12:04:48.473+0100 [                ] DEBUG UserResource         - Dossier of User(1: Trainee1)
2020-12-21T12:04:48.602+0100 [                ] DEBUG BundleResource       - getTraineeBundles for user 1 called
2020-12-21T12:04:52.021+0100 [                ] DEBUG UserResource         - Dossier of User(1: Trainee1)
2020-12-21T12:04:52.113+0100 [                ] DEBUG BundleResource       - getTraineeBundles for user 1 called
2020-12-21T12:05:01.318+0100 [                ] DEBUG UserResource         - Dossier of User(1: Trainee1)
2020-12-21T12:05:01.455+0100 [                ] DEBUG BundleResource       - getTraineeBundles for user 1 called
2020-12-21T12:05:02.533+0100 [                ] DEBUG UserResource         - Dossier of User(1: Trainee1)
2020-12-21T12:05:02.629+0100 [                ] DEBUG BundleResource       - getTraineeBundles for user 1 called
2020-12-21T12:05:04.247+0100 [                ] DEBUG UserResource         - Dossier of User(1: Trainee1)
2020-12-21T12:05:04.322+0100 [                ] DEBUG BundleResource       - getTraineeBundles for user 1 called
2020-12-21T12:05:11.984+0100 [                ] DEBUG UserResource         - Dossier of User(1: Trainee1)
2020-12-21T12:05:12.095+0100 [                ] DEBUG BundleResource       - getTraineeBundles for user 1 called
2020-12-21T12:05:30.280+0100 [                ] DEBUG UserResource         - changePassword called for user id 6
2020-12-21T12:05:44.842+0100 [                ] DEBUG UserResource         - changePassword called for user id 6
2020-12-21T12:05:54.879+0100 [                ] DEBUG UserResource         - login User(0: admin@educom.nu) called
2020-12-21T12:05:57.931+0100 [                ] DEBUG UserResource         - Dossier of User(1: Trainee1)
2020-12-21T12:05:57.986+0100 [                ] DEBUG BundleResource       - getTraineeBundles for user 1 called
2020-12-21T12:05:59.606+0100 [                ] DEBUG UserResource         - Dossier of User(1: Trainee1)
2020-12-21T12:05:59.680+0100 [                ] DEBUG BundleResource       - getTraineeBundles for user 1 called
2020-12-21T12:06:00.889+0100 [                ] DEBUG UserResource         - Dossier of User(1: Trainee1)
2020-12-21T12:06:00.966+0100 [                ] DEBUG BundleResource       - getTraineeBundles for user 1 called
2020-12-21T12:06:02.153+0100 [                ] DEBUG UserResource         - Dossier of User(1: Trainee1)
2020-12-21T12:06:02.233+0100 [                ] DEBUG BundleResource       - getTraineeBundles for user 1 called
2020-12-21T12:06:03.007+0100 [                ] DEBUG UserResource         - Dossier of User(1: Trainee1)
2020-12-21T12:06:03.067+0100 [                ] DEBUG BundleResource       - getTraineeBundles for user 1 called
2020-12-21T12:06:04.979+0100 [                ] DEBUG UserResource         - Dossier of User(6: Admin)
2020-12-21T12:06:14.408+0100 [                ] DEBUG UserResource         - changePassword called for user id 6
2020-12-21T12:06:14.593+0100 [                ] INFO  UserResource         - Password changed for user User(6: Admin).
2020-12-21T12:18:38.838+0100 [                ] DEBUG UserResource         - Dossier of User(6: Admin)
2020-12-21T12:21:19.268+0100 [                ] DEBUG UserResource         - Dossier of User(1: Trainee1)
2020-12-21T12:21:19.480+0100 [                ] DEBUG BundleResource       - getTraineeBundles for user 1 called
2020-12-22T09:36:10.030+0100 [                ] INFO  MyApp                - ----------------------------------------------------------
2020-12-22T09:36:10.032+0100 [                ] INFO  MyApp                - |  Registratie Voortgang Trainees versie 1.0.0 Started   |
2020-12-22T09:36:10.034+0100 [                ] INFO  MyApp                - ----------------------------------------------------------
2020-12-22T09:47:03.397+0100 [                ] DEBUG UserResource         - login User(0: admin@educom.nu) called
2020-12-22T10:07:23.266+0100 [                ] DEBUG UserResource         - Dossier of User(6: Admin)
2020-12-22T10:07:25.568+0100 [                ] DEBUG UserResource         - Dossier of User(6: Admin)
2020-12-22T10:13:06.289+0100 [                ] DEBUG UserResource         - Dossier of User(6: Admin)
2020-12-22T10:54:01.729+0100 [                ] DEBUG UserResource         - Dossier of User(6: Admin)
2020-12-22T10:55:06.367+0100 [                ] DEBUG UserResource         - Dossier of User(6: Admin)
