2020-12-16T11:25:44.207+0100 [User Name       ] ERROR BaseResource         - failed to execute
javax.persistence.PersistenceException: org.hibernate.exception.SQLGrammarException: could not extract ResultSet
	at org.hibernate.internal.ExceptionConverterImpl.convert(ExceptionConverterImpl.java:147) ~[hibernate-core-5.2.6.Final.jar:5.2.6.Final]
	at org.hibernate.internal.ExceptionConverterImpl.convert(ExceptionConverterImpl.java:155) ~[hibernate-core-5.2.6.Final.jar:5.2.6.Final]
	at org.hibernate.query.internal.AbstractProducedQuery.list(AbstractProducedQuery.java:1419) ~[hibernate-core-5.2.6.Final.jar:5.2.6.Final]
	at org.hibernate.query.internal.AbstractProducedQuery.uniqueResult(AbstractProducedQuery.java:1453) ~[hibernate-core-5.2.6.Final.jar:5.2.6.Final]
	at org.hibernate.query.internal.AbstractProducedQuery.uniqueResultOptional(AbstractProducedQuery.java:1403) ~[hibernate-core-5.2.6.Final.jar:5.2.6.Final]
	at nu.educom.rvt.repositories.UserRepository.readByEmail(UserRepository.java:58) ~[classes/:?]
	at nu.educom.rvt.services.UserService.checkUser(UserService.java:39) ~[classes/:?]
	at nu.educom.rvt.rest.UserResource.lambda$0(UserResource.java:48) ~[classes/:?]
	at nu.educom.rvt.rest.BaseResource.wrapInSession(BaseResource.java:24) [classes/:?]
	at nu.educom.rvt.rest.UserResource.login(UserResource.java:45) [classes/:?]
	at java.base/jdk.internal.reflect.NativeMethodAccessorImpl.invoke0(Native Method) ~[?:?]
	at java.base/jdk.internal.reflect.NativeMethodAccessorImpl.invoke(NativeMethodAccessorImpl.java:62) ~[?:?]
	at java.base/jdk.internal.reflect.DelegatingMethodAccessorImpl.invoke(DelegatingMethodAccessorImpl.java:43) ~[?:?]
	at java.base/java.lang.reflect.Method.invoke(Method.java:567) ~[?:?]
	at org.glassfish.jersey.server.model.internal.ResourceMethodInvocationHandlerFactory$1.invoke(ResourceMethodInvocationHandlerFactory.java:81) [jaxrs-ri-2.16.jar:2.16.]
	at org.glassfish.jersey.server.model.internal.AbstractJavaResourceMethodDispatcher$1.run(AbstractJavaResourceMethodDispatcher.java:143) [jaxrs-ri-2.16.jar:2.16.]
	at org.glassfish.jersey.server.model.internal.AbstractJavaResourceMethodDispatcher.invoke(AbstractJavaResourceMethodDispatcher.java:160) [jaxrs-ri-2.16.jar:2.16.]
	at org.glassfish.jersey.server.model.internal.JavaResourceMethodDispatcherProvider$ResponseOutInvoker.doDispatch(JavaResourceMethodDispatcherProvider.java:158) [jaxrs-ri-2.16.jar:2.16.]
	at org.glassfish.jersey.server.model.internal.AbstractJavaResourceMethodDispatcher.dispatch(AbstractJavaResourceMethodDispatcher.java:97) [jaxrs-ri-2.16.jar:2.16.]
	at org.glassfish.jersey.server.model.ResourceMethodInvoker.invoke(ResourceMethodInvoker.java:389) [jaxrs-ri-2.16.jar:2.16.]
	at org.glassfish.jersey.server.model.ResourceMethodInvoker.apply(ResourceMethodInvoker.java:347) [jaxrs-ri-2.16.jar:2.16.]
	at org.glassfish.jersey.server.model.ResourceMethodInvoker.apply(ResourceMethodInvoker.java:102) [jaxrs-ri-2.16.jar:2.16.]
	at org.glassfish.jersey.server.ServerRuntime$2.run(ServerRuntime.java:303) [jaxrs-ri-2.16.jar:2.16.]
	at org.glassfish.jersey.internal.Errors$1.call(Errors.java:271) [jaxrs-ri-2.16.jar:2.16.]
	at org.glassfish.jersey.internal.Errors$1.call(Errors.java:267) [jaxrs-ri-2.16.jar:2.16.]
	at org.glassfish.jersey.internal.Errors.process(Errors.java:315) [jaxrs-ri-2.16.jar:2.16.]
	at org.glassfish.jersey.internal.Errors.process(Errors.java:297) [jaxrs-ri-2.16.jar:2.16.]
	at org.glassfish.jersey.internal.Errors.process(Errors.java:267) [jaxrs-ri-2.16.jar:2.16.]
	at org.glassfish.jersey.process.internal.RequestScope.runInScope(RequestScope.java:317) [jaxrs-ri-2.16.jar:2.16.]
	at org.glassfish.jersey.server.ServerRuntime.process(ServerRuntime.java:286) [jaxrs-ri-2.16.jar:2.16.]
	at org.glassfish.jersey.server.ApplicationHandler.handle(ApplicationHandler.java:1072) [jaxrs-ri-2.16.jar:2.16.]
	at org.glassfish.jersey.grizzly2.httpserver.GrizzlyHttpContainer.service(GrizzlyHttpContainer.java:378) [jersey-container-grizzly2-http-2.16.jar:?]
	at org.glassfish.grizzly.http.server.HttpHandler$1.run(HttpHandler.java:219) [grizzly-http-server-2.3.16.jar:2.3.16]
	at org.glassfish.grizzly.threadpool.AbstractThreadPool$Worker.doWork(AbstractThreadPool.java:565) [grizzly-framework-2.3.16.jar:2.3.16]
	at org.glassfish.grizzly.threadpool.AbstractThreadPool$Worker.run(AbstractThreadPool.java:545) [grizzly-framework-2.3.16.jar:2.3.16]
	at java.base/java.lang.Thread.run(Thread.java:830) [?:?]
Caused by: org.hibernate.exception.SQLGrammarException: could not extract ResultSet
	at org.hibernate.exception.internal.SQLExceptionTypeDelegate.convert(SQLExceptionTypeDelegate.java:63) ~[hibernate-core-5.2.6.Final.jar:5.2.6.Final]
	at org.hibernate.exception.internal.StandardSQLExceptionConverter.convert(StandardSQLExceptionConverter.java:42) ~[hibernate-core-5.2.6.Final.jar:5.2.6.Final]
	at org.hibernate.engine.jdbc.spi.SqlExceptionHelper.convert(SqlExceptionHelper.java:111) ~[hibernate-core-5.2.6.Final.jar:5.2.6.Final]
	at org.hibernate.engine.jdbc.spi.SqlExceptionHelper.convert(SqlExceptionHelper.java:97) ~[hibernate-core-5.2.6.Final.jar:5.2.6.Final]
	at org.hibernate.engine.jdbc.internal.ResultSetReturnImpl.extract(ResultSetReturnImpl.java:79) ~[hibernate-core-5.2.6.Final.jar:5.2.6.Final]
	at org.hibernate.loader.plan.exec.internal.AbstractLoadPlanBasedLoader.getResultSet(AbstractLoadPlanBasedLoader.java:434) ~[hibernate-core-5.2.6.Final.jar:5.2.6.Final]
	at org.hibernate.loader.plan.exec.internal.AbstractLoadPlanBasedLoader.executeQueryStatement(AbstractLoadPlanBasedLoader.java:186) ~[hibernate-core-5.2.6.Final.jar:5.2.6.Final]
	at org.hibernate.loader.plan.exec.internal.AbstractLoadPlanBasedLoader.executeLoad(AbstractLoadPlanBasedLoader.java:121) ~[hibernate-core-5.2.6.Final.jar:5.2.6.Final]
	at org.hibernate.loader.plan.exec.internal.AbstractLoadPlanBasedLoader.executeLoad(AbstractLoadPlanBasedLoader.java:86) ~[hibernate-core-5.2.6.Final.jar:5.2.6.Final]
	at org.hibernate.loader.collection.plan.AbstractLoadPlanBasedCollectionInitializer.initialize(AbstractLoadPlanBasedCollectionInitializer.java:87) ~[hibernate-core-5.2.6.Final.jar:5.2.6.Final]
	at org.hibernate.persister.collection.AbstractCollectionPersister.initialize(AbstractCollectionPersister.java:688) ~[hibernate-core-5.2.6.Final.jar:5.2.6.Final]
	at org.hibernate.event.internal.DefaultInitializeCollectionEventListener.onInitializeCollection(DefaultInitializeCollectionEventListener.java:75) ~[hibernate-core-5.2.6.Final.jar:5.2.6.Final]
	at org.hibernate.internal.SessionImpl.initializeCollection(SessionImpl.java:2176) ~[hibernate-core-5.2.6.Final.jar:5.2.6.Final]
	at org.hibernate.collection.internal.AbstractPersistentCollection$4.doWork(AbstractPersistentCollection.java:565) ~[hibernate-core-5.2.6.Final.jar:5.2.6.Final]
	at org.hibernate.collection.internal.AbstractPersistentCollection.withTemporarySessionIfNeeded(AbstractPersistentCollection.java:247) ~[hibernate-core-5.2.6.Final.jar:5.2.6.Final]
	at org.hibernate.collection.internal.AbstractPersistentCollection.initialize(AbstractPersistentCollection.java:561) ~[hibernate-core-5.2.6.Final.jar:5.2.6.Final]
	at org.hibernate.collection.internal.AbstractPersistentCollection.forceInitialization(AbstractPersistentCollection.java:729) ~[hibernate-core-5.2.6.Final.jar:5.2.6.Final]
	at org.hibernate.engine.internal.StatefulPersistenceContext.initializeNonLazyCollections(StatefulPersistenceContext.java:926) ~[hibernate-core-5.2.6.Final.jar:5.2.6.Final]
	at org.hibernate.loader.Loader.doQueryAndInitializeNonLazyCollections(Loader.java:354) ~[hibernate-core-5.2.6.Final.jar:5.2.6.Final]
	at org.hibernate.loader.Loader.doList(Loader.java:2615) ~[hibernate-core-5.2.6.Final.jar:5.2.6.Final]
	at org.hibernate.loader.Loader.doList(Loader.java:2598) ~[hibernate-core-5.2.6.Final.jar:5.2.6.Final]
	at org.hibernate.loader.Loader.listIgnoreQueryCache(Loader.java:2430) ~[hibernate-core-5.2.6.Final.jar:5.2.6.Final]
	at org.hibernate.loader.Loader.list(Loader.java:2425) ~[hibernate-core-5.2.6.Final.jar:5.2.6.Final]
	at org.hibernate.loader.hql.QueryLoader.list(QueryLoader.java:502) ~[hibernate-core-5.2.6.Final.jar:5.2.6.Final]
	at org.hibernate.hql.internal.ast.QueryTranslatorImpl.list(QueryTranslatorImpl.java:370) ~[hibernate-core-5.2.6.Final.jar:5.2.6.Final]
	at org.hibernate.engine.query.spi.HQLQueryPlan.performList(HQLQueryPlan.java:216) ~[hibernate-core-5.2.6.Final.jar:5.2.6.Final]
	at org.hibernate.internal.SessionImpl.list(SessionImpl.java:1481) ~[hibernate-core-5.2.6.Final.jar:5.2.6.Final]
	at org.hibernate.query.internal.AbstractProducedQuery.doList(AbstractProducedQuery.java:1441) ~[hibernate-core-5.2.6.Final.jar:5.2.6.Final]
	at org.hibernate.query.internal.AbstractProducedQuery.list(AbstractProducedQuery.java:1410) ~[hibernate-core-5.2.6.Final.jar:5.2.6.Final]
	... 33 more
Caused by: java.sql.SQLSyntaxErrorException: Unknown column 'currentloc0_.endDate' in 'where clause'
	at com.mysql.cj.jdbc.exceptions.SQLError.createSQLException(SQLError.java:118) ~[mysql-connector-java-8.0.11.jar:8.0.11]
	at com.mysql.cj.jdbc.exceptions.SQLError.createSQLException(SQLError.java:95) ~[mysql-connector-java-8.0.11.jar:8.0.11]
	at com.mysql.cj.jdbc.exceptions.SQLExceptionsMapping.translateException(SQLExceptionsMapping.java:122) ~[mysql-connector-java-8.0.11.jar:8.0.11]
	at com.mysql.cj.jdbc.ClientPreparedStatement.executeInternal(ClientPreparedStatement.java:960) ~[mysql-connector-java-8.0.11.jar:8.0.11]
	at com.mysql.cj.jdbc.ClientPreparedStatement.executeQuery(ClientPreparedStatement.java:1019) ~[mysql-connector-java-8.0.11.jar:8.0.11]
	at org.hibernate.engine.jdbc.internal.ResultSetReturnImpl.extract(ResultSetReturnImpl.java:70) ~[hibernate-core-5.2.6.Final.jar:5.2.6.Final]
	at org.hibernate.loader.plan.exec.internal.AbstractLoadPlanBasedLoader.getResultSet(AbstractLoadPlanBasedLoader.java:434) ~[hibernate-core-5.2.6.Final.jar:5.2.6.Final]
	at org.hibernate.loader.plan.exec.internal.AbstractLoadPlanBasedLoader.executeQueryStatement(AbstractLoadPlanBasedLoader.java:186) ~[hibernate-core-5.2.6.Final.jar:5.2.6.Final]
	at org.hibernate.loader.plan.exec.internal.AbstractLoadPlanBasedLoader.executeLoad(AbstractLoadPlanBasedLoader.java:121) ~[hibernate-core-5.2.6.Final.jar:5.2.6.Final]
	at org.hibernate.loader.plan.exec.internal.AbstractLoadPlanBasedLoader.executeLoad(AbstractLoadPlanBasedLoader.java:86) ~[hibernate-core-5.2.6.Final.jar:5.2.6.Final]
	at org.hibernate.loader.collection.plan.AbstractLoadPlanBasedCollectionInitializer.initialize(AbstractLoadPlanBasedCollectionInitializer.java:87) ~[hibernate-core-5.2.6.Final.jar:5.2.6.Final]
	at org.hibernate.persister.collection.AbstractCollectionPersister.initialize(AbstractCollectionPersister.java:688) ~[hibernate-core-5.2.6.Final.jar:5.2.6.Final]
	at org.hibernate.event.internal.DefaultInitializeCollectionEventListener.onInitializeCollection(DefaultInitializeCollectionEventListener.java:75) ~[hibernate-core-5.2.6.Final.jar:5.2.6.Final]
	at org.hibernate.internal.SessionImpl.initializeCollection(SessionImpl.java:2176) ~[hibernate-core-5.2.6.Final.jar:5.2.6.Final]
	at org.hibernate.collection.internal.AbstractPersistentCollection$4.doWork(AbstractPersistentCollection.java:565) ~[hibernate-core-5.2.6.Final.jar:5.2.6.Final]
	at org.hibernate.collection.internal.AbstractPersistentCollection.withTemporarySessionIfNeeded(AbstractPersistentCollection.java:247) ~[hibernate-core-5.2.6.Final.jar:5.2.6.Final]
	at org.hibernate.collection.internal.AbstractPersistentCollection.initialize(AbstractPersistentCollection.java:561) ~[hibernate-core-5.2.6.Final.jar:5.2.6.Final]
	at org.hibernate.collection.internal.AbstractPersistentCollection.forceInitialization(AbstractPersistentCollection.java:729) ~[hibernate-core-5.2.6.Final.jar:5.2.6.Final]
	at org.hibernate.engine.internal.StatefulPersistenceContext.initializeNonLazyCollections(StatefulPersistenceContext.java:926) ~[hibernate-core-5.2.6.Final.jar:5.2.6.Final]
	at org.hibernate.loader.Loader.doQueryAndInitializeNonLazyCollections(Loader.java:354) ~[hibernate-core-5.2.6.Final.jar:5.2.6.Final]
	at org.hibernate.loader.Loader.doList(Loader.java:2615) ~[hibernate-core-5.2.6.Final.jar:5.2.6.Final]
	at org.hibernate.loader.Loader.doList(Loader.java:2598) ~[hibernate-core-5.2.6.Final.jar:5.2.6.Final]
	at org.hibernate.loader.Loader.listIgnoreQueryCache(Loader.java:2430) ~[hibernate-core-5.2.6.Final.jar:5.2.6.Final]
	at org.hibernate.loader.Loader.list(Loader.java:2425) ~[hibernate-core-5.2.6.Final.jar:5.2.6.Final]
	at org.hibernate.loader.hql.QueryLoader.list(QueryLoader.java:502) ~[hibernate-core-5.2.6.Final.jar:5.2.6.Final]
	at org.hibernate.hql.internal.ast.QueryTranslatorImpl.list(QueryTranslatorImpl.java:370) ~[hibernate-core-5.2.6.Final.jar:5.2.6.Final]
	at org.hibernate.engine.query.spi.HQLQueryPlan.performList(HQLQueryPlan.java:216) ~[hibernate-core-5.2.6.Final.jar:5.2.6.Final]
	at org.hibernate.internal.SessionImpl.list(SessionImpl.java:1481) ~[hibernate-core-5.2.6.Final.jar:5.2.6.Final]
	at org.hibernate.query.internal.AbstractProducedQuery.doList(AbstractProducedQuery.java:1441) ~[hibernate-core-5.2.6.Final.jar:5.2.6.Final]
	at org.hibernate.query.internal.AbstractProducedQuery.list(AbstractProducedQuery.java:1410) ~[hibernate-core-5.2.6.Final.jar:5.2.6.Final]
	... 33 more
2020-12-16T11:25:46.768+0100 [User Name       ] ERROR BaseResource         - failed to execute
javax.persistence.PersistenceException: org.hibernate.exception.SQLGrammarException: could not extract ResultSet
	at org.hibernate.internal.ExceptionConverterImpl.convert(ExceptionConverterImpl.java:147) ~[hibernate-core-5.2.6.Final.jar:5.2.6.Final]
	at org.hibernate.internal.ExceptionConverterImpl.convert(ExceptionConverterImpl.java:155) ~[hibernate-core-5.2.6.Final.jar:5.2.6.Final]
	at org.hibernate.query.internal.AbstractProducedQuery.list(AbstractProducedQuery.java:1419) ~[hibernate-core-5.2.6.Final.jar:5.2.6.Final]
	at org.hibernate.query.internal.AbstractProducedQuery.uniqueResult(AbstractProducedQuery.java:1453) ~[hibernate-core-5.2.6.Final.jar:5.2.6.Final]
	at org.hibernate.query.internal.AbstractProducedQuery.uniqueResultOptional(AbstractProducedQuery.java:1403) ~[hibernate-core-5.2.6.Final.jar:5.2.6.Final]
	at nu.educom.rvt.repositories.UserRepository.readByEmail(UserRepository.java:58) ~[classes/:?]
	at nu.educom.rvt.services.UserService.checkUser(UserService.java:39) ~[classes/:?]
	at nu.educom.rvt.rest.UserResource.lambda$0(UserResource.java:48) ~[classes/:?]
	at nu.educom.rvt.rest.BaseResource.wrapInSession(BaseResource.java:24) [classes/:?]
	at nu.educom.rvt.rest.UserResource.login(UserResource.java:45) [classes/:?]
	at java.base/jdk.internal.reflect.NativeMethodAccessorImpl.invoke0(Native Method) ~[?:?]
	at java.base/jdk.internal.reflect.NativeMethodAccessorImpl.invoke(NativeMethodAccessorImpl.java:62) ~[?:?]
	at java.base/jdk.internal.reflect.DelegatingMethodAccessorImpl.invoke(DelegatingMethodAccessorImpl.java:43) ~[?:?]
	at java.base/java.lang.reflect.Method.invoke(Method.java:567) ~[?:?]
	at org.glassfish.jersey.server.model.internal.ResourceMethodInvocationHandlerFactory$1.invoke(ResourceMethodInvocationHandlerFactory.java:81) [jaxrs-ri-2.16.jar:2.16.]
	at org.glassfish.jersey.server.model.internal.AbstractJavaResourceMethodDispatcher$1.run(AbstractJavaResourceMethodDispatcher.java:143) [jaxrs-ri-2.16.jar:2.16.]
	at org.glassfish.jersey.server.model.internal.AbstractJavaResourceMethodDispatcher.invoke(AbstractJavaResourceMethodDispatcher.java:160) [jaxrs-ri-2.16.jar:2.16.]
	at org.glassfish.jersey.server.model.internal.JavaResourceMethodDispatcherProvider$ResponseOutInvoker.doDispatch(JavaResourceMethodDispatcherProvider.java:158) [jaxrs-ri-2.16.jar:2.16.]
	at org.glassfish.jersey.server.model.internal.AbstractJavaResourceMethodDispatcher.dispatch(AbstractJavaResourceMethodDispatcher.java:97) [jaxrs-ri-2.16.jar:2.16.]
	at org.glassfish.jersey.server.model.ResourceMethodInvoker.invoke(ResourceMethodInvoker.java:389) [jaxrs-ri-2.16.jar:2.16.]
	at org.glassfish.jersey.server.model.ResourceMethodInvoker.apply(ResourceMethodInvoker.java:347) [jaxrs-ri-2.16.jar:2.16.]
	at org.glassfish.jersey.server.model.ResourceMethodInvoker.apply(ResourceMethodInvoker.java:102) [jaxrs-ri-2.16.jar:2.16.]
	at org.glassfish.jersey.server.ServerRuntime$2.run(ServerRuntime.java:303) [jaxrs-ri-2.16.jar:2.16.]
	at org.glassfish.jersey.internal.Errors$1.call(Errors.java:271) [jaxrs-ri-2.16.jar:2.16.]
	at org.glassfish.jersey.internal.Errors$1.call(Errors.java:267) [jaxrs-ri-2.16.jar:2.16.]
	at org.glassfish.jersey.internal.Errors.process(Errors.java:315) [jaxrs-ri-2.16.jar:2.16.]
	at org.glassfish.jersey.internal.Errors.process(Errors.java:297) [jaxrs-ri-2.16.jar:2.16.]
	at org.glassfish.jersey.internal.Errors.process(Errors.java:267) [jaxrs-ri-2.16.jar:2.16.]
	at org.glassfish.jersey.process.internal.RequestScope.runInScope(RequestScope.java:317) [jaxrs-ri-2.16.jar:2.16.]
	at org.glassfish.jersey.server.ServerRuntime.process(ServerRuntime.java:286) [jaxrs-ri-2.16.jar:2.16.]
	at org.glassfish.jersey.server.ApplicationHandler.handle(ApplicationHandler.java:1072) [jaxrs-ri-2.16.jar:2.16.]
	at org.glassfish.jersey.grizzly2.httpserver.GrizzlyHttpContainer.service(GrizzlyHttpContainer.java:378) [jersey-container-grizzly2-http-2.16.jar:?]
	at org.glassfish.grizzly.http.server.HttpHandler$1.run(HttpHandler.java:219) [grizzly-http-server-2.3.16.jar:2.3.16]
	at org.glassfish.grizzly.threadpool.AbstractThreadPool$Worker.doWork(AbstractThreadPool.java:565) [grizzly-framework-2.3.16.jar:2.3.16]
	at org.glassfish.grizzly.threadpool.AbstractThreadPool$Worker.run(AbstractThreadPool.java:545) [grizzly-framework-2.3.16.jar:2.3.16]
	at java.base/java.lang.Thread.run(Thread.java:830) [?:?]
Caused by: org.hibernate.exception.SQLGrammarException: could not extract ResultSet
	at org.hibernate.exception.internal.SQLExceptionTypeDelegate.convert(SQLExceptionTypeDelegate.java:63) ~[hibernate-core-5.2.6.Final.jar:5.2.6.Final]
	at org.hibernate.exception.internal.StandardSQLExceptionConverter.convert(StandardSQLExceptionConverter.java:42) ~[hibernate-core-5.2.6.Final.jar:5.2.6.Final]
	at org.hibernate.engine.jdbc.spi.SqlExceptionHelper.convert(SqlExceptionHelper.java:111) ~[hibernate-core-5.2.6.Final.jar:5.2.6.Final]
	at org.hibernate.engine.jdbc.spi.SqlExceptionHelper.convert(SqlExceptionHelper.java:97) ~[hibernate-core-5.2.6.Final.jar:5.2.6.Final]
	at org.hibernate.engine.jdbc.internal.ResultSetReturnImpl.extract(ResultSetReturnImpl.java:79) ~[hibernate-core-5.2.6.Final.jar:5.2.6.Final]
	at org.hibernate.loader.plan.exec.internal.AbstractLoadPlanBasedLoader.getResultSet(AbstractLoadPlanBasedLoader.java:434) ~[hibernate-core-5.2.6.Final.jar:5.2.6.Final]
	at org.hibernate.loader.plan.exec.internal.AbstractLoadPlanBasedLoader.executeQueryStatement(AbstractLoadPlanBasedLoader.java:186) ~[hibernate-core-5.2.6.Final.jar:5.2.6.Final]
	at org.hibernate.loader.plan.exec.internal.AbstractLoadPlanBasedLoader.executeLoad(AbstractLoadPlanBasedLoader.java:121) ~[hibernate-core-5.2.6.Final.jar:5.2.6.Final]
	at org.hibernate.loader.plan.exec.internal.AbstractLoadPlanBasedLoader.executeLoad(AbstractLoadPlanBasedLoader.java:86) ~[hibernate-core-5.2.6.Final.jar:5.2.6.Final]
	at org.hibernate.loader.collection.plan.AbstractLoadPlanBasedCollectionInitializer.initialize(AbstractLoadPlanBasedCollectionInitializer.java:87) ~[hibernate-core-5.2.6.Final.jar:5.2.6.Final]
	at org.hibernate.persister.collection.AbstractCollectionPersister.initialize(AbstractCollectionPersister.java:688) ~[hibernate-core-5.2.6.Final.jar:5.2.6.Final]
	at org.hibernate.event.internal.DefaultInitializeCollectionEventListener.onInitializeCollection(DefaultInitializeCollectionEventListener.java:75) ~[hibernate-core-5.2.6.Final.jar:5.2.6.Final]
	at org.hibernate.internal.SessionImpl.initializeCollection(SessionImpl.java:2176) ~[hibernate-core-5.2.6.Final.jar:5.2.6.Final]
	at org.hibernate.collection.internal.AbstractPersistentCollection$4.doWork(AbstractPersistentCollection.java:565) ~[hibernate-core-5.2.6.Final.jar:5.2.6.Final]
	at org.hibernate.collection.internal.AbstractPersistentCollection.withTemporarySessionIfNeeded(AbstractPersistentCollection.java:247) ~[hibernate-core-5.2.6.Final.jar:5.2.6.Final]
	at org.hibernate.collection.internal.AbstractPersistentCollection.initialize(AbstractPersistentCollection.java:561) ~[hibernate-core-5.2.6.Final.jar:5.2.6.Final]
	at org.hibernate.collection.internal.AbstractPersistentCollection.forceInitialization(AbstractPersistentCollection.java:729) ~[hibernate-core-5.2.6.Final.jar:5.2.6.Final]
	at org.hibernate.engine.internal.StatefulPersistenceContext.initializeNonLazyCollections(StatefulPersistenceContext.java:926) ~[hibernate-core-5.2.6.Final.jar:5.2.6.Final]
	at org.hibernate.loader.Loader.doQueryAndInitializeNonLazyCollections(Loader.java:354) ~[hibernate-core-5.2.6.Final.jar:5.2.6.Final]
	at org.hibernate.loader.Loader.doList(Loader.java:2615) ~[hibernate-core-5.2.6.Final.jar:5.2.6.Final]
	at org.hibernate.loader.Loader.doList(Loader.java:2598) ~[hibernate-core-5.2.6.Final.jar:5.2.6.Final]
	at org.hibernate.loader.Loader.listIgnoreQueryCache(Loader.java:2430) ~[hibernate-core-5.2.6.Final.jar:5.2.6.Final]
	at org.hibernate.loader.Loader.list(Loader.java:2425) ~[hibernate-core-5.2.6.Final.jar:5.2.6.Final]
	at org.hibernate.loader.hql.QueryLoader.list(QueryLoader.java:502) ~[hibernate-core-5.2.6.Final.jar:5.2.6.Final]
	at org.hibernate.hql.internal.ast.QueryTranslatorImpl.list(QueryTranslatorImpl.java:370) ~[hibernate-core-5.2.6.Final.jar:5.2.6.Final]
	at org.hibernate.engine.query.spi.HQLQueryPlan.performList(HQLQueryPlan.java:216) ~[hibernate-core-5.2.6.Final.jar:5.2.6.Final]
	at org.hibernate.internal.SessionImpl.list(SessionImpl.java:1481) ~[hibernate-core-5.2.6.Final.jar:5.2.6.Final]
	at org.hibernate.query.internal.AbstractProducedQuery.doList(AbstractProducedQuery.java:1441) ~[hibernate-core-5.2.6.Final.jar:5.2.6.Final]
	at org.hibernate.query.internal.AbstractProducedQuery.list(AbstractProducedQuery.java:1410) ~[hibernate-core-5.2.6.Final.jar:5.2.6.Final]
	... 33 more
Caused by: java.sql.SQLSyntaxErrorException: Unknown column 'currentloc0_.endDate' in 'where clause'
	at com.mysql.cj.jdbc.exceptions.SQLError.createSQLException(SQLError.java:118) ~[mysql-connector-java-8.0.11.jar:8.0.11]
	at com.mysql.cj.jdbc.exceptions.SQLError.createSQLException(SQLError.java:95) ~[mysql-connector-java-8.0.11.jar:8.0.11]
	at com.mysql.cj.jdbc.exceptions.SQLExceptionsMapping.translateException(SQLExceptionsMapping.java:122) ~[mysql-connector-java-8.0.11.jar:8.0.11]
	at com.mysql.cj.jdbc.ClientPreparedStatement.executeInternal(ClientPreparedStatement.java:960) ~[mysql-connector-java-8.0.11.jar:8.0.11]
	at com.mysql.cj.jdbc.ClientPreparedStatement.executeQuery(ClientPreparedStatement.java:1019) ~[mysql-connector-java-8.0.11.jar:8.0.11]
	at org.hibernate.engine.jdbc.internal.ResultSetReturnImpl.extract(ResultSetReturnImpl.java:70) ~[hibernate-core-5.2.6.Final.jar:5.2.6.Final]
	at org.hibernate.loader.plan.exec.internal.AbstractLoadPlanBasedLoader.getResultSet(AbstractLoadPlanBasedLoader.java:434) ~[hibernate-core-5.2.6.Final.jar:5.2.6.Final]
	at org.hibernate.loader.plan.exec.internal.AbstractLoadPlanBasedLoader.executeQueryStatement(AbstractLoadPlanBasedLoader.java:186) ~[hibernate-core-5.2.6.Final.jar:5.2.6.Final]
	at org.hibernate.loader.plan.exec.internal.AbstractLoadPlanBasedLoader.executeLoad(AbstractLoadPlanBasedLoader.java:121) ~[hibernate-core-5.2.6.Final.jar:5.2.6.Final]
	at org.hibernate.loader.plan.exec.internal.AbstractLoadPlanBasedLoader.executeLoad(AbstractLoadPlanBasedLoader.java:86) ~[hibernate-core-5.2.6.Final.jar:5.2.6.Final]
	at org.hibernate.loader.collection.plan.AbstractLoadPlanBasedCollectionInitializer.initialize(AbstractLoadPlanBasedCollectionInitializer.java:87) ~[hibernate-core-5.2.6.Final.jar:5.2.6.Final]
	at org.hibernate.persister.collection.AbstractCollectionPersister.initialize(AbstractCollectionPersister.java:688) ~[hibernate-core-5.2.6.Final.jar:5.2.6.Final]
	at org.hibernate.event.internal.DefaultInitializeCollectionEventListener.onInitializeCollection(DefaultInitializeCollectionEventListener.java:75) ~[hibernate-core-5.2.6.Final.jar:5.2.6.Final]
	at org.hibernate.internal.SessionImpl.initializeCollection(SessionImpl.java:2176) ~[hibernate-core-5.2.6.Final.jar:5.2.6.Final]
	at org.hibernate.collection.internal.AbstractPersistentCollection$4.doWork(AbstractPersistentCollection.java:565) ~[hibernate-core-5.2.6.Final.jar:5.2.6.Final]
	at org.hibernate.collection.internal.AbstractPersistentCollection.withTemporarySessionIfNeeded(AbstractPersistentCollection.java:247) ~[hibernate-core-5.2.6.Final.jar:5.2.6.Final]
	at org.hibernate.collection.internal.AbstractPersistentCollection.initialize(AbstractPersistentCollection.java:561) ~[hibernate-core-5.2.6.Final.jar:5.2.6.Final]
	at org.hibernate.collection.internal.AbstractPersistentCollection.forceInitialization(AbstractPersistentCollection.java:729) ~[hibernate-core-5.2.6.Final.jar:5.2.6.Final]
	at org.hibernate.engine.internal.StatefulPersistenceContext.initializeNonLazyCollections(StatefulPersistenceContext.java:926) ~[hibernate-core-5.2.6.Final.jar:5.2.6.Final]
	at org.hibernate.loader.Loader.doQueryAndInitializeNonLazyCollections(Loader.java:354) ~[hibernate-core-5.2.6.Final.jar:5.2.6.Final]
	at org.hibernate.loader.Loader.doList(Loader.java:2615) ~[hibernate-core-5.2.6.Final.jar:5.2.6.Final]
	at org.hibernate.loader.Loader.doList(Loader.java:2598) ~[hibernate-core-5.2.6.Final.jar:5.2.6.Final]
	at org.hibernate.loader.Loader.listIgnoreQueryCache(Loader.java:2430) ~[hibernate-core-5.2.6.Final.jar:5.2.6.Final]
	at org.hibernate.loader.Loader.list(Loader.java:2425) ~[hibernate-core-5.2.6.Final.jar:5.2.6.Final]
	at org.hibernate.loader.hql.QueryLoader.list(QueryLoader.java:502) ~[hibernate-core-5.2.6.Final.jar:5.2.6.Final]
	at org.hibernate.hql.internal.ast.QueryTranslatorImpl.list(QueryTranslatorImpl.java:370) ~[hibernate-core-5.2.6.Final.jar:5.2.6.Final]
	at org.hibernate.engine.query.spi.HQLQueryPlan.performList(HQLQueryPlan.java:216) ~[hibernate-core-5.2.6.Final.jar:5.2.6.Final]
	at org.hibernate.internal.SessionImpl.list(SessionImpl.java:1481) ~[hibernate-core-5.2.6.Final.jar:5.2.6.Final]
	at org.hibernate.query.internal.AbstractProducedQuery.doList(AbstractProducedQuery.java:1441) ~[hibernate-core-5.2.6.Final.jar:5.2.6.Final]
	at org.hibernate.query.internal.AbstractProducedQuery.list(AbstractProducedQuery.java:1410) ~[hibernate-core-5.2.6.Final.jar:5.2.6.Final]
	... 33 more
2020-12-16T11:34:26.435+0100 [User Name       ] ERROR BaseResource         - failed to execute
java.lang.NullPointerException
	at nu.educom.rvt.services.UserService.convertToUSJ(UserService.java:198) ~[classes/:?]
	at nu.educom.rvt.rest.UserResource.lambda$4(UserResource.java:126) ~[classes/:?]
	at nu.educom.rvt.rest.BaseResource.wrapInSession(BaseResource.java:24) [classes/:?]
	at nu.educom.rvt.rest.UserResource.getUsers(UserResource.java:123) [classes/:?]
	at java.base/jdk.internal.reflect.NativeMethodAccessorImpl.invoke0(Native Method) ~[?:?]
	at java.base/jdk.internal.reflect.NativeMethodAccessorImpl.invoke(NativeMethodAccessorImpl.java:62) ~[?:?]
	at java.base/jdk.internal.reflect.DelegatingMethodAccessorImpl.invoke(DelegatingMethodAccessorImpl.java:43) ~[?:?]
	at java.base/java.lang.reflect.Method.invoke(Method.java:567) ~[?:?]
	at org.glassfish.jersey.server.model.internal.ResourceMethodInvocationHandlerFactory$1.invoke(ResourceMethodInvocationHandlerFactory.java:81) [jaxrs-ri-2.16.jar:2.16.]
	at org.glassfish.jersey.server.model.internal.AbstractJavaResourceMethodDispatcher$1.run(AbstractJavaResourceMethodDispatcher.java:143) [jaxrs-ri-2.16.jar:2.16.]
	at org.glassfish.jersey.server.model.internal.AbstractJavaResourceMethodDispatcher.invoke(AbstractJavaResourceMethodDispatcher.java:160) [jaxrs-ri-2.16.jar:2.16.]
	at org.glassfish.jersey.server.model.internal.JavaResourceMethodDispatcherProvider$ResponseOutInvoker.doDispatch(JavaResourceMethodDispatcherProvider.java:158) [jaxrs-ri-2.16.jar:2.16.]
	at org.glassfish.jersey.server.model.internal.AbstractJavaResourceMethodDispatcher.dispatch(AbstractJavaResourceMethodDispatcher.java:97) [jaxrs-ri-2.16.jar:2.16.]
	at org.glassfish.jersey.server.model.ResourceMethodInvoker.invoke(ResourceMethodInvoker.java:389) [jaxrs-ri-2.16.jar:2.16.]
	at org.glassfish.jersey.server.model.ResourceMethodInvoker.apply(ResourceMethodInvoker.java:347) [jaxrs-ri-2.16.jar:2.16.]
	at org.glassfish.jersey.server.model.ResourceMethodInvoker.apply(ResourceMethodInvoker.java:102) [jaxrs-ri-2.16.jar:2.16.]
	at org.glassfish.jersey.server.ServerRuntime$2.run(ServerRuntime.java:303) [jaxrs-ri-2.16.jar:2.16.]
	at org.glassfish.jersey.internal.Errors$1.call(Errors.java:271) [jaxrs-ri-2.16.jar:2.16.]
	at org.glassfish.jersey.internal.Errors$1.call(Errors.java:267) [jaxrs-ri-2.16.jar:2.16.]
	at org.glassfish.jersey.internal.Errors.process(Errors.java:315) [jaxrs-ri-2.16.jar:2.16.]
	at org.glassfish.jersey.internal.Errors.process(Errors.java:297) [jaxrs-ri-2.16.jar:2.16.]
	at org.glassfish.jersey.internal.Errors.process(Errors.java:267) [jaxrs-ri-2.16.jar:2.16.]
	at org.glassfish.jersey.process.internal.RequestScope.runInScope(RequestScope.java:317) [jaxrs-ri-2.16.jar:2.16.]
	at org.glassfish.jersey.server.ServerRuntime.process(ServerRuntime.java:286) [jaxrs-ri-2.16.jar:2.16.]
	at org.glassfish.jersey.server.ApplicationHandler.handle(ApplicationHandler.java:1072) [jaxrs-ri-2.16.jar:2.16.]
	at org.glassfish.jersey.grizzly2.httpserver.GrizzlyHttpContainer.service(GrizzlyHttpContainer.java:378) [jersey-container-grizzly2-http-2.16.jar:?]
	at org.glassfish.grizzly.http.server.HttpHandler$1.run(HttpHandler.java:219) [grizzly-http-server-2.3.16.jar:2.3.16]
	at org.glassfish.grizzly.threadpool.AbstractThreadPool$Worker.doWork(AbstractThreadPool.java:565) [grizzly-framework-2.3.16.jar:2.3.16]
	at org.glassfish.grizzly.threadpool.AbstractThreadPool$Worker.run(AbstractThreadPool.java:545) [grizzly-framework-2.3.16.jar:2.3.16]
	at java.base/java.lang.Thread.run(Thread.java:830) [?:?]
